<?xml version="1.0" encoding="UTF-8"?>
<!-- Generated by org.testng.reporters.JUnitReportReporter -->
<testsuite hostname="suriya" failures="0" tests="1" name="selenium8.Tc_001_Test" time="1.505" errors="0" timestamp="2024-01-14T12:10:33 IST" skipped="0">
  <testcase classname="selenium8.Tc_001_Test" name="case1" time="1.505"/>
  <system-out/>
</testsuite> <!-- selenium8.Tc_001_Test -->
