<?xml version="1.0" encoding="UTF-8"?>
<!-- Generated by org.testng.reporters.JUnitReportReporter -->
<testsuite hostname="suriya" failures="0" tests="1" name="Genric.ReadExcel" time="0.008" errors="0" timestamp="2024-01-14T12:07:32 IST" skipped="0">
  <testcase classname="Genric.ReadExcel" name="read" time="0.008"/>
  <system-out/>
</testsuite> <!-- Genric.ReadExcel -->
